Flow report for ProcessUnit
Wed Aug 28 19:30:52 2024
Quartus Prime Version 20.1.0 Build 711 06/05/2020 SJ Lite Edition


---------------------
; Table of Contents ;
---------------------
  1. Legal Notice
  2. Flow Summary
  3. Flow Settings
  4. Flow Non-Default Global Settings
  5. Flow Elapsed Time
  6. Flow OS Summary
  7. Flow Log
  8. Flow Messages
  9. Flow Suppressed Messages



----------------
; Legal Notice ;
----------------
Copyright (C) 2020  Intel Corporation. All rights reserved.
Your use of Intel Corporation's design tools, logic functions 
and other software and tools, and any partner logic 
functions, and any output files from any of the foregoing 
(including device programming or simulation files), and any 
associated documentation or information are expressly subject 
to the terms and conditions of the Intel Program License 
Subscription Agreement, the Intel Quartus Prime License Agreement,
the Intel FPGA IP License Agreement, or other applicable license
agreement, including, without limitation, that your use is for
the sole purpose of programming logic devices manufactured by
Intel and sold by Intel or its authorized distributors.  Please
refer to the applicable agreement for further details, at
https://fpgasoftware.intel.com/eula.



+----------------------------------------------------------------------------------+
; Flow Summary                                                                     ;
+------------------------------------+---------------------------------------------+
; Flow Status                        ; Successful - Wed Aug 28 19:30:52 2024       ;
; Quartus Prime Version              ; 20.1.0 Build 711 06/05/2020 SJ Lite Edition ;
; Revision Name                      ; ProcessUnit                                 ;
; Top-level Entity Name              ; ProgramCounter                              ;
; Family                             ; Cyclone IV E                                ;
; Total logic elements               ; 32                                          ;
;     Total combinational functions  ; 32                                          ;
;     Dedicated logic registers      ; 32                                          ;
; Total registers                    ; 32                                          ;
; Total pins                         ; 66                                          ;
; Total virtual pins                 ; 0                                           ;
; Total memory bits                  ; 0                                           ;
; Embedded Multiplier 9-bit elements ; 0                                           ;
; Total PLLs                         ; 0                                           ;
+------------------------------------+---------------------------------------------+


+-----------------------------------------+
; Flow Settings                           ;
+-------------------+---------------------+
; Option            ; Setting             ;
+-------------------+---------------------+
; Start date & time ; 08/21/2024 22:17:39 ;
; Main task         ; Compilation         ;
; Revision Name     ; ProcessUnit         ;
+-------------------+---------------------+


+----------------------------------------------------------------------------------------------------------------------------+
; Flow Non-Default Global Settings                                                                                           ;
+-------------------------------------+----------------------------------------+---------------+----------------+------------+
; Assignment Name                     ; Value                                  ; Default Value ; Entity Name    ; Section Id ;
+-------------------------------------+----------------------------------------+---------------+----------------+------------+
; COMPILER_SIGNATURE_ID               ; 83972795295363.172428945904593         ; --            ; --             ; --         ;
; PARTITION_COLOR                     ; -- (Not supported for targeted family) ; --            ; ProgramCounter ; Top        ;
; PARTITION_FITTER_PRESERVATION_LEVEL ; -- (Not supported for targeted family) ; --            ; ProgramCounter ; Top        ;
; PARTITION_NETLIST_TYPE              ; -- (Not supported for targeted family) ; --            ; ProgramCounter ; Top        ;
; PROJECT_OUTPUT_DIRECTORY            ; output_files                           ; --            ; --             ; --         ;
; TOP_LEVEL_ENTITY                    ; ProgramCounter                         ; ProcessUnit   ; --             ; --         ;
+-------------------------------------+----------------------------------------+---------------+----------------+------------+


+--------------------------------------------------------------------------------------------------------------------------+
; Flow Elapsed Time                                                                                                        ;
+----------------------+--------------+-------------------------+---------------------+------------------------------------+
; Module Name          ; Elapsed Time ; Average Processors Used ; Peak Virtual Memory ; Total CPU Time (on all processors) ;
+----------------------+--------------+-------------------------+---------------------+------------------------------------+
; Analysis & Synthesis ; 00:00:04     ; 1.0                     ; 352 MB              ; 00:00:13                           ;
; EDA Netlist Writer   ; 00:00:00     ; 1.0                     ; 592 MB              ; 00:00:00                           ;
; EDA Netlist Writer   ; 00:00:01     ; 1.0                     ; 594 MB              ; 00:00:00                           ;
; EDA Netlist Writer   ; 00:00:00     ; 1.0                     ; 599 MB              ; 00:00:00                           ;
; EDA Netlist Writer   ; 00:00:01     ; 1.0                     ; 594 MB              ; 00:00:00                           ;
; EDA Netlist Writer   ; 00:00:00     ; 1.0                     ; 594 MB              ; 00:00:00                           ;
; EDA Netlist Writer   ; 00:00:01     ; 1.0                     ; 599 MB              ; 00:00:00                           ;
; EDA Netlist Writer   ; 00:00:01     ; 1.0                     ; 594 MB              ; 00:00:00                           ;
; EDA Netlist Writer   ; 00:00:00     ; 1.0                     ; 599 MB              ; 00:00:00                           ;
; Total                ; 00:00:08     ; --                      ; --                  ; 00:00:13                           ;
+----------------------+--------------+-------------------------+---------------------+------------------------------------+


+----------------------------------------------------------------------------------------+
; Flow OS Summary                                                                        ;
+----------------------+------------------+----------------+------------+----------------+
; Module Name          ; Machine Hostname ; OS Name        ; OS Version ; Processor type ;
+----------------------+------------------+----------------+------------+----------------+
; Analysis & Synthesis ; dev-parisi       ; Ubuntu 22.04.4 ; 22         ; x86_64         ;
; EDA Netlist Writer   ; dev-parisi       ; Ubuntu 22.04.4 ; 22         ; x86_64         ;
; EDA Netlist Writer   ; dev-parisi       ; Ubuntu 22.04.4 ; 22         ; x86_64         ;
; EDA Netlist Writer   ; dev-parisi       ; Ubuntu 22.04.4 ; 22         ; x86_64         ;
; EDA Netlist Writer   ; dev-parisi       ; Ubuntu 22.04.4 ; 22         ; x86_64         ;
; EDA Netlist Writer   ; dev-parisi       ; Ubuntu 22.04.4 ; 22         ; x86_64         ;
; EDA Netlist Writer   ; dev-parisi       ; Ubuntu 22.04.4 ; 22         ; x86_64         ;
; EDA Netlist Writer   ; dev-parisi       ; Ubuntu 22.04.4 ; 22         ; x86_64         ;
; EDA Netlist Writer   ; dev-parisi       ; Ubuntu 22.04.4 ; 22         ; x86_64         ;
+----------------------+------------------+----------------+------------+----------------+


------------
; Flow Log ;
------------
quartus_map --read_settings_files=on --write_settings_files=off Mips32 -c ProcessUnit
quartus_eda --gen_testbench --tool=modelsim_oem --format=verilog --write_settings_files=off Mips32 -c ProcessUnit --vector_source="/home/dev-parisi/Documentos/UNIFESP/LAB AOC/32bit-mips-verilog/PC2/Waveform.vwf" --testbench_file="/home/dev-parisi/Documentos/UNIFESP/LAB AOC/32bit-mips-verilog/PC2/simulation/qsim/Waveform.vwf.vt"
quartus_eda --gen_testbench --tool=modelsim_oem --format=verilog --write_settings_files=off Mips32 -c ProcessUnit --vector_source="/home/dev-parisi/Documentos/UNIFESP/LAB AOC/32bit-mips-verilog/PC2/Waveform.vwf" --testbench_file="/home/dev-parisi/Documentos/UNIFESP/LAB AOC/32bit-mips-verilog/PC2/simulation/qsim/Waveform.vwf.vt"
quartus_eda --write_settings_files=off --simulation=on --functional=on --flatten_buses=off --tool=modelsim_oem --format=verilog --output_directory="/home/dev-parisi/Documentos/UNIFESP/LAB AOC/32bit-mips-verilog/PC2/simulation/qsim/" Mips32 -c ProcessUnit
quartus_eda --gen_testbench --tool=modelsim_oem --format=verilog --write_settings_files=off Mips32 -c ProcessUnit --vector_source="/home/dev-parisi/Documentos/UNIFESP/LAB AOC/32bit-mips-verilog/PC2/Waveform1.vwf" --testbench_file="/home/dev-parisi/Documentos/UNIFESP/LAB AOC/32bit-mips-verilog/PC2/simulation/qsim/Waveform1.vwf.vt"
quartus_eda --gen_testbench --tool=modelsim_oem --format=verilog --write_settings_files=off Mips32 -c ProcessUnit --vector_source="/home/dev-parisi/Documentos/UNIFESP/LAB AOC/32bit-mips-verilog/PC2/Waveform1.vwf" --testbench_file="/home/dev-parisi/Documentos/UNIFESP/LAB AOC/32bit-mips-verilog/PC2/simulation/qsim/Waveform1.vwf.vt"
quartus_eda --write_settings_files=off --simulation=on --functional=on --flatten_buses=off --tool=modelsim_oem --format=verilog --output_directory="/home/dev-parisi/Documentos/UNIFESP/LAB AOC/32bit-mips-verilog/PC2/simulation/qsim/" Mips32 -c ProcessUnit
quartus_eda --gen_testbench --tool=modelsim_oem --format=verilog --write_settings_files=off Mips32 -c ProcessUnit --vector_source="/home/dev-parisi/Documentos/UNIFESP/LAB AOC/32bit-mips-verilog/PC2/Waveform.vwf" --testbench_file="/home/dev-parisi/Documentos/UNIFESP/LAB AOC/32bit-mips-verilog/PC2/simulation/qsim/Waveform.vwf.vt"
quartus_eda --write_settings_files=off --simulation=on --functional=on --flatten_buses=off --tool=modelsim_oem --format=verilog --output_directory="/home/dev-parisi/Documentos/UNIFESP/LAB AOC/32bit-mips-verilog/PC2/simulation/qsim/" Mips32 -c ProcessUnit



